<?xml version="1.0" encoding="UTF-8"?>
<!-- Generated by org.testng.reporters.JUnitReportReporter -->
<testsuite skipped="0" hostname="DESKTOP-5BTUEF9" name="com.themoviedb.movietest.Neg_Case_SessionID_For_Delete_Test" tests="1" failures="0" timestamp="23 Jan 2019 09:28:54 GMT" time="2.748" errors="0">
  <testcase name="Neg_Case_SessionID_For_Delete" time="2.748" classname="com.themoviedb.movietest.Neg_Case_SessionID_For_Delete_Test"/>
</testsuite> <!-- com.themoviedb.movietest.Neg_Case_SessionID_For_Delete_Test -->
