<?xml version="1.0" encoding="UTF-8"?>
<!-- Generated by org.testng.reporters.JUnitReportReporter -->
<testsuite skipped="0" hostname="DESKTOP-5BTUEF9" name="com.themoviedb.movietest.Get_Details_Test" tests="6" failures="0" timestamp="23 Jan 2019 09:28:54 GMT" time="2.722" errors="0">
  <testcase name="checkDataforMovieID" time="0.520" classname="com.themoviedb.movietest.Get_Details_Test"/>
  <testcase name="checkDataforMovieID" time="0.410" classname="com.themoviedb.movietest.Get_Details_Test"/>
  <testcase name="checkDataforMovieID" time="0.472" classname="com.themoviedb.movietest.Get_Details_Test"/>
  <testcase name="checkDataforMovieID" time="0.431" classname="com.themoviedb.movietest.Get_Details_Test"/>
  <testcase name="checkDataforMovieID" time="0.452" classname="com.themoviedb.movietest.Get_Details_Test"/>
  <testcase name="checkDataforMovieID" time="0.437" classname="com.themoviedb.movietest.Get_Details_Test"/>
</testsuite> <!-- com.themoviedb.movietest.Get_Details_Test -->
