<?xml version="1.0" encoding="UTF-8"?>
<!-- Generated by org.testng.reporters.JUnitReportReporter -->
<testsuite skipped="0" hostname="DESKTOP-5BTUEF9" name="com.themoviedb.movietest.Neg_Case_Wrong_ApiKey_Test" tests="6" failures="0" timestamp="23 Jan 2019 09:28:54 GMT" time="2.492" errors="0">
  <testcase name="Neg_Case_Wrong_ApiKey" time="0.394" classname="com.themoviedb.movietest.Neg_Case_Wrong_ApiKey_Test"/>
  <testcase name="Neg_Case_Wrong_ApiKey" time="0.423" classname="com.themoviedb.movietest.Neg_Case_Wrong_ApiKey_Test"/>
  <testcase name="Neg_Case_Wrong_ApiKey" time="0.496" classname="com.themoviedb.movietest.Neg_Case_Wrong_ApiKey_Test"/>
  <testcase name="Neg_Case_Wrong_ApiKey" time="0.398" classname="com.themoviedb.movietest.Neg_Case_Wrong_ApiKey_Test"/>
  <testcase name="Neg_Case_Wrong_ApiKey" time="0.393" classname="com.themoviedb.movietest.Neg_Case_Wrong_ApiKey_Test"/>
  <testcase name="Neg_Case_Wrong_ApiKey" time="0.388" classname="com.themoviedb.movietest.Neg_Case_Wrong_ApiKey_Test"/>
</testsuite> <!-- com.themoviedb.movietest.Neg_Case_Wrong_ApiKey_Test -->
