<?xml version="1.0" encoding="UTF-8"?>
<!-- Generated by org.testng.reporters.JUnitReportReporter -->
<testsuite skipped="0" hostname="DESKTOP-5BTUEF9" name="com.themoviedb.movietest.Post_Call_Movie_Rating_Test" tests="5" failures="0" timestamp="23 Jan 2019 09:28:54 GMT" time="4.623" errors="0">
  <testcase name="Post_Call_Movie_Rating" time="0.806" classname="com.themoviedb.movietest.Post_Call_Movie_Rating_Test"/>
  <testcase name="Post_Call_Movie_Rating" time="1.174" classname="com.themoviedb.movietest.Post_Call_Movie_Rating_Test"/>
  <testcase name="Post_Call_Movie_Rating" time="0.850" classname="com.themoviedb.movietest.Post_Call_Movie_Rating_Test"/>
  <testcase name="Post_Call_Movie_Rating" time="0.942" classname="com.themoviedb.movietest.Post_Call_Movie_Rating_Test"/>
  <testcase name="Post_Call_Movie_Rating" time="0.851" classname="com.themoviedb.movietest.Post_Call_Movie_Rating_Test"/>
</testsuite> <!-- com.themoviedb.movietest.Post_Call_Movie_Rating_Test -->
