<?xml version="1.0" encoding="UTF-8"?>
<!-- Generated by org.testng.reporters.JUnitReportReporter -->
<testsuite skipped="0" hostname="DESKTOP-5BTUEF9" name="com.themoviedb.movietest.Find_Movie_ExternalID_Test" tests="6" failures="0" timestamp="23 Jan 2019 09:29:28 GMT" time="4.475" errors="0">
  <testcase name="checkDataforMovieID" time="0.429" classname="com.themoviedb.movietest.Find_Movie_ExternalID_Test"/>
  <testcase name="checkDataforMovieID" time="0.420" classname="com.themoviedb.movietest.Find_Movie_ExternalID_Test"/>
  <testcase name="checkDataforMovieID" time="0.454" classname="com.themoviedb.movietest.Find_Movie_ExternalID_Test"/>
  <testcase name="checkDataforMovieID" time="0.423" classname="com.themoviedb.movietest.Find_Movie_ExternalID_Test"/>
  <testcase name="checkDataforMovieID" time="2.280" classname="com.themoviedb.movietest.Find_Movie_ExternalID_Test"/>
  <testcase name="checkDataforMovieID" time="0.469" classname="com.themoviedb.movietest.Find_Movie_ExternalID_Test"/>
</testsuite> <!-- com.themoviedb.movietest.Find_Movie_ExternalID_Test -->
