<?xml version="1.0" encoding="UTF-8"?>
<!-- Generated by org.testng.reporters.JUnitReportReporter -->
<testsuite skipped="0" hostname="DESKTOP-5BTUEF9" name="com.themoviedb.movietest.Validating_Search_Test" tests="5" failures="0" timestamp="23 Jan 2019 09:28:54 GMT" time="2.057" errors="0">
  <testcase name="validateSearch" time="0.408" classname="com.themoviedb.movietest.Validating_Search_Test"/>
  <testcase name="validateSearch" time="0.441" classname="com.themoviedb.movietest.Validating_Search_Test"/>
  <testcase name="validateSearch" time="0.401" classname="com.themoviedb.movietest.Validating_Search_Test"/>
  <testcase name="validateSearch" time="0.393" classname="com.themoviedb.movietest.Validating_Search_Test"/>
  <testcase name="validateSearch" time="0.414" classname="com.themoviedb.movietest.Validating_Search_Test"/>
</testsuite> <!-- com.themoviedb.movietest.Validating_Search_Test -->
