<?xml version="1.0" encoding="UTF-8"?>
<!-- Generated by org.testng.reporters.JUnitReportReporter -->
<testsuite skipped="0" hostname="DESKTOP-5BTUEF9" name="com.themoviedb.movietest.Validate_Network_with_id_Test" tests="1" failures="0" timestamp="23 Jan 2019 09:28:54 GMT" time="3.172" errors="0">
  <testcase name="Validate_Network" time="3.172" classname="com.themoviedb.movietest.Validate_Network_with_id_Test"/>
</testsuite> <!-- com.themoviedb.movietest.Validate_Network_with_id_Test -->
