<?xml version="1.0" encoding="UTF-8"?>
<!-- Generated by org.testng.reporters.JUnitReportReporter -->
<testsuite skipped="0" hostname="DESKTOP-5BTUEF9" name="com.themoviedb.movietest.Get_Post_Delete_Rating_Test" tests="1" failures="0" timestamp="23 Jan 2019 09:28:54 GMT" time="8.996" errors="0">
  <testcase name="validateSearch" time="8.996" classname="com.themoviedb.movietest.Get_Post_Delete_Rating_Test"/>
</testsuite> <!-- com.themoviedb.movietest.Get_Post_Delete_Rating_Test -->
