<?xml version="1.0" encoding="UTF-8"?>
<!-- Generated by org.testng.reporters.JUnitReportReporter -->
<testsuite skipped="0" hostname="DESKTOP-5BTUEF9" name="com.themoviedb.movietest.Neg_Case_Wrong_Rating_Test" tests="5" failures="0" timestamp="23 Jan 2019 09:28:54 GMT" time="3.983" errors="0">
  <testcase name="Neg_Case_Wrong_Rating" time="0.792" classname="com.themoviedb.movietest.Neg_Case_Wrong_Rating_Test"/>
  <testcase name="Neg_Case_Wrong_Rating" time="0.796" classname="com.themoviedb.movietest.Neg_Case_Wrong_Rating_Test"/>
  <testcase name="Neg_Case_Wrong_Rating" time="0.784" classname="com.themoviedb.movietest.Neg_Case_Wrong_Rating_Test"/>
  <testcase name="Neg_Case_Wrong_Rating" time="0.790" classname="com.themoviedb.movietest.Neg_Case_Wrong_Rating_Test"/>
  <testcase name="Neg_Case_Wrong_Rating" time="0.821" classname="com.themoviedb.movietest.Neg_Case_Wrong_Rating_Test"/>
</testsuite> <!-- com.themoviedb.movietest.Neg_Case_Wrong_Rating_Test -->
